[2020-07-03T21:13:54+0300] DFHack 0.47.04-r1-0-g6bdbf5b0 on Windows; cwd md5: 89de49d4f2; save: region1; SC_WORLD_UNLOADED; game type NONE (11)
[2020-07-03T21:14:18+0300] DFHack 0.47.04-r1-0-g6bdbf5b0 on Windows; cwd md5: 89de49d4f2; save: region1; SC_WORLD_LOADED; game type DWARF_MAIN (0)
[2020-07-03T21:31:52+0300] DFHack 0.47.04-r1-0-g6bdbf5b0 on Windows; cwd md5: 89de49d4f2; save: region1; SC_MAP_LOADED; game type DWARF_MAIN (0)
[2020-07-03T22:52:29+0300] DFHack 0.47.04-r1-0-g6bdbf5b0 on Windows; cwd md5: 89de49d4f2; save: region1; SC_MAP_UNLOADED; game type DWARF_MAIN (0)
[2020-07-03T22:52:29+0300] DFHack 0.47.04-r1-0-g6bdbf5b0 on Windows; cwd md5: 89de49d4f2; save: region1; SC_WORLD_UNLOADED; game type DWARF_MAIN (0)
[2020-07-04T00:10:01+0300] DFHack 0.47.04-r1-0-g6bdbf5b0 on Windows; cwd md5: 89de49d4f2; save: region1; SC_WORLD_LOADED; game type DWARF_MAIN (0)
[2020-07-04T00:10:02+0300] DFHack 0.47.04-r1-0-g6bdbf5b0 on Windows; cwd md5: 89de49d4f2; save: region1; SC_MAP_LOADED; game type DWARF_MAIN (0)
[2020-07-04T01:59:50+0300] DFHack 0.47.04-r1-0-g6bdbf5b0 on Windows; cwd md5: 89de49d4f2; save: region1; SC_MAP_UNLOADED; game type DWARF_MAIN (0)
[2020-07-04T01:59:50+0300] DFHack 0.47.04-r1-0-g6bdbf5b0 on Windows; cwd md5: 89de49d4f2; save: region1; SC_WORLD_UNLOADED; game type DWARF_MAIN (0)
[2020-07-07T16:53:37+0300] DFHack 0.47.04-r1-0-g6bdbf5b0 on Windows; cwd md5: 2105030890; save: fintech; SC_WORLD_LOADED; game type DWARF_MAIN (0)
[2020-07-07T16:53:38+0300] DFHack 0.47.04-r1-0-g6bdbf5b0 on Windows; cwd md5: 2105030890; save: fintech; SC_MAP_LOADED; game type DWARF_MAIN (0)
[2020-07-07T17:24:27+0300] DFHack 0.47.04-r1-0-g6bdbf5b0 on Windows; cwd md5: 2105030890; save: fintech; SC_MAP_UNLOADED; game type DWARF_MAIN (0)
[2020-07-07T17:24:27+0300] DFHack 0.47.04-r1-0-g6bdbf5b0 on Windows; cwd md5: 2105030890; save: fintech; SC_WORLD_UNLOADED; game type DWARF_MAIN (0)
[2020-07-07T20:09:36+0300] DFHack 0.47.04-r1-0-g6bdbf5b0 on Windows; cwd md5: 6ff79470f2; save: Dwarf; SC_WORLD_LOADED; game type DWARF_MAIN (0)
[2020-07-07T20:09:36+0300] DFHack 0.47.04-r1-0-g6bdbf5b0 on Windows; cwd md5: 6ff79470f2; save: Dwarf; SC_MAP_LOADED; game type DWARF_MAIN (0)
[2020-07-07T20:47:54+0300] DFHack 0.47.04-r1-0-g6bdbf5b0 on Windows; cwd md5: 6ff79470f2; save: Dwarf; SC_MAP_UNLOADED; game type DWARF_MAIN (0)
[2020-07-07T20:47:54+0300] DFHack 0.47.04-r1-0-g6bdbf5b0 on Windows; cwd md5: 6ff79470f2; save: Dwarf; SC_WORLD_UNLOADED; game type DWARF_MAIN (0)
[2020-07-07T23:55:12+0300] DFHack 0.47.04-r1-0-g6bdbf5b0 on Windows; cwd md5: 6ff79470f2; save: Dwarf; SC_WORLD_LOADED; game type DWARF_MAIN (0)
[2020-07-07T23:55:13+0300] DFHack 0.47.04-r1-0-g6bdbf5b0 on Windows; cwd md5: 6ff79470f2; save: Dwarf; SC_MAP_LOADED; game type DWARF_MAIN (0)
[2020-07-08T00:43:49+0300] DFHack 0.47.04-r1-0-g6bdbf5b0 on Windows; cwd md5: 6ff79470f2; save: Dwarf; SC_MAP_UNLOADED; game type DWARF_MAIN (0)
[2020-07-08T00:43:49+0300] DFHack 0.47.04-r1-0-g6bdbf5b0 on Windows; cwd md5: 6ff79470f2; save: Dwarf; SC_WORLD_UNLOADED; game type DWARF_MAIN (0)
[2020-07-08T11:11:06+0300] DFHack 0.47.04-r1-0-g6bdbf5b0 on Windows; cwd md5: 2105030890; save: fintech; SC_WORLD_LOADED; game type DWARF_MAIN (0)
[2020-07-08T11:11:06+0300] DFHack 0.47.04-r1-0-g6bdbf5b0 on Windows; cwd md5: 2105030890; save: fintech; SC_MAP_LOADED; game type DWARF_MAIN (0)
[2020-07-08T11:43:01+0300] DFHack 0.47.04-r1-0-g6bdbf5b0 on Windows; cwd md5: 2105030890; save: fintech; SC_MAP_UNLOADED; game type DWARF_MAIN (0)
[2020-07-08T11:43:01+0300] DFHack 0.47.04-r1-0-g6bdbf5b0 on Windows; cwd md5: 2105030890; save: fintech; SC_WORLD_UNLOADED; game type DWARF_MAIN (0)
[2020-07-08T15:02:21+0300] DFHack 0.47.04-r1-0-g6bdbf5b0 on Windows; cwd md5: 2105030890; save: fintech; SC_WORLD_LOADED; game type DWARF_MAIN (0)
[2020-07-08T15:02:22+0300] DFHack 0.47.04-r1-0-g6bdbf5b0 on Windows; cwd md5: 2105030890; save: fintech; SC_MAP_LOADED; game type DWARF_MAIN (0)
[2020-07-08T15:29:39+0300] DFHack 0.47.04-r1-0-g6bdbf5b0 on Windows; cwd md5: 2105030890; save: fintech; SC_MAP_UNLOADED; game type DWARF_MAIN (0)
[2020-07-08T15:29:39+0300] DFHack 0.47.04-r1-0-g6bdbf5b0 on Windows; cwd md5: 2105030890; save: fintech; SC_WORLD_UNLOADED; game type DWARF_MAIN (0)
[2020-07-09T10:45:38+0300] DFHack 0.47.04-r1-0-g6bdbf5b0 on Windows; cwd md5: 2105030890; save: fintech; SC_WORLD_LOADED; game type DWARF_MAIN (0)
[2020-07-09T10:45:39+0300] DFHack 0.47.04-r1-0-g6bdbf5b0 on Windows; cwd md5: 2105030890; save: fintech; SC_MAP_LOADED; game type DWARF_MAIN (0)
[2020-07-09T12:31:34+0300] DFHack 0.47.04-r1-0-g6bdbf5b0 on Windows; cwd md5: 2105030890; save: fintech; SC_MAP_UNLOADED; game type DWARF_MAIN (0)
[2020-07-09T12:31:34+0300] DFHack 0.47.04-r1-0-g6bdbf5b0 on Windows; cwd md5: 2105030890; save: fintech; SC_WORLD_UNLOADED; game type DWARF_MAIN (0)
[2020-07-09T13:50:31+0300] DFHack 0.47.04-r1-0-g6bdbf5b0 on Windows; cwd md5: 2105030890; save: fintech; SC_WORLD_LOADED; game type DWARF_MAIN (0)
[2020-07-09T13:50:31+0300] DFHack 0.47.04-r1-0-g6bdbf5b0 on Windows; cwd md5: 2105030890; save: fintech; SC_MAP_LOADED; game type DWARF_MAIN (0)
[2020-07-09T14:35:29+0300] DFHack 0.47.04-r1-0-g6bdbf5b0 on Windows; cwd md5: 2105030890; save: fintech; SC_MAP_UNLOADED; game type DWARF_MAIN (0)
[2020-07-09T14:35:29+0300] DFHack 0.47.04-r1-0-g6bdbf5b0 on Windows; cwd md5: 2105030890; save: fintech; SC_WORLD_UNLOADED; game type DWARF_MAIN (0)
[2020-07-09T19:21:10+0300] DFHack 0.47.04-r1-0-g6bdbf5b0 on Windows; cwd md5: 6ff79470f2; save: Dwarf; SC_WORLD_LOADED; game type DWARF_MAIN (0)
[2020-07-09T19:21:11+0300] DFHack 0.47.04-r1-0-g6bdbf5b0 on Windows; cwd md5: 6ff79470f2; save: Dwarf; SC_MAP_LOADED; game type DWARF_MAIN (0)
[2020-07-09T19:31:28+0300] DFHack 0.47.04-r1-0-g6bdbf5b0 on Windows; cwd md5: 6ff79470f2; save: Dwarf; SC_MAP_UNLOADED; game type DWARF_MAIN (0)
[2020-07-09T19:31:28+0300] DFHack 0.47.04-r1-0-g6bdbf5b0 on Windows; cwd md5: 6ff79470f2; save: Dwarf; SC_WORLD_UNLOADED; game type DWARF_MAIN (0)
[2020-07-09T22:31:30+0300] DFHack 0.47.04-r1-0-g6bdbf5b0 on Windows; cwd md5: 6ff79470f2; save: Dwarf; SC_WORLD_LOADED; game type DWARF_MAIN (0)
[2020-07-09T22:31:31+0300] DFHack 0.47.04-r1-0-g6bdbf5b0 on Windows; cwd md5: 6ff79470f2; save: Dwarf; SC_MAP_LOADED; game type DWARF_MAIN (0)
[2020-07-09T22:41:18+0300] DFHack 0.47.04-r1-0-g6bdbf5b0 on Windows; cwd md5: 6ff79470f2; save: Dwarf; SC_MAP_UNLOADED; game type DWARF_MAIN (0)
[2020-07-09T22:41:18+0300] DFHack 0.47.04-r1-0-g6bdbf5b0 on Windows; cwd md5: 6ff79470f2; save: Dwarf; SC_WORLD_UNLOADED; game type DWARF_MAIN (0)
[2020-07-09T22:42:12+0300] DFHack 0.47.04-r1-0-g6bdbf5b0 on Windows; cwd md5: 6ff79470f2; save: Dwarf; SC_WORLD_LOADED; game type DWARF_MAIN (0)
[2020-07-09T22:42:12+0300] DFHack 0.47.04-r1-0-g6bdbf5b0 on Windows; cwd md5: 6ff79470f2; save: Dwarf; SC_MAP_LOADED; game type DWARF_MAIN (0)
[2020-07-09T22:45:20+0300] DFHack 0.47.04-r1-0-g6bdbf5b0 on Windows; cwd md5: 6ff79470f2; save: Dwarf; SC_WORLD_LOADED; game type DWARF_MAIN (0)
[2020-07-09T22:45:20+0300] DFHack 0.47.04-r1-0-g6bdbf5b0 on Windows; cwd md5: 6ff79470f2; save: Dwarf; SC_MAP_LOADED; game type DWARF_MAIN (0)
[2020-07-09T22:51:03+0300] DFHack 0.47.04-r1-0-g6bdbf5b0 on Windows; cwd md5: 6ff79470f2; save: Dwarf; SC_WORLD_LOADED; game type DWARF_MAIN (0)
[2020-07-09T22:51:04+0300] DFHack 0.47.04-r1-0-g6bdbf5b0 on Windows; cwd md5: 6ff79470f2; save: Dwarf; SC_MAP_LOADED; game type DWARF_MAIN (0)
[2020-07-09T22:52:41+0300] DFHack 0.47.04-r1-0-g6bdbf5b0 on Windows; cwd md5: 6ff79470f2; save: Dwarf; SC_WORLD_LOADED; game type DWARF_MAIN (0)
[2020-07-09T22:52:41+0300] DFHack 0.47.04-r1-0-g6bdbf5b0 on Windows; cwd md5: 6ff79470f2; save: Dwarf; SC_MAP_LOADED; game type DWARF_MAIN (0)
[2020-07-09T23:53:36+0300] DFHack 0.47.04-r1-0-g6bdbf5b0 on Windows; cwd md5: 6ff79470f2; save: Dwarf; SC_WORLD_LOADED; game type DWARF_MAIN (0)
[2020-07-09T23:53:36+0300] DFHack 0.47.04-r1-0-g6bdbf5b0 on Windows; cwd md5: 6ff79470f2; save: Dwarf; SC_MAP_LOADED; game type DWARF_MAIN (0)
[2020-07-10T00:21:00+0300] DFHack 0.47.04-r1-0-g6bdbf5b0 on Windows; cwd md5: 6ff79470f2; save: Dwarf; SC_MAP_UNLOADED; game type DWARF_MAIN (0)
[2020-07-10T00:21:00+0300] DFHack 0.47.04-r1-0-g6bdbf5b0 on Windows; cwd md5: 6ff79470f2; save: Dwarf; SC_WORLD_UNLOADED; game type DWARF_MAIN (0)
[2020-07-10T10:06:43+0300] DFHack 0.47.04-r1-0-g6bdbf5b0 on Windows; cwd md5: 2105030890; save: fintech; SC_WORLD_LOADED; game type DWARF_MAIN (0)
[2020-07-10T10:06:43+0300] DFHack 0.47.04-r1-0-g6bdbf5b0 on Windows; cwd md5: 2105030890; save: fintech; SC_MAP_LOADED; game type DWARF_MAIN (0)
[2020-07-10T11:05:59+0300] DFHack 0.47.04-r1-0-g6bdbf5b0 on Windows; cwd md5: 2105030890; save: fintech; SC_MAP_UNLOADED; game type DWARF_MAIN (0)
[2020-07-10T11:05:59+0300] DFHack 0.47.04-r1-0-g6bdbf5b0 on Windows; cwd md5: 2105030890; save: fintech; SC_WORLD_UNLOADED; game type DWARF_MAIN (0)
[2020-07-10T13:48:02+0300] DFHack 0.47.04-r1-0-g6bdbf5b0 on Windows; cwd md5: 2105030890; save: fintech; SC_WORLD_LOADED; game type DWARF_MAIN (0)
[2020-07-10T13:48:02+0300] DFHack 0.47.04-r1-0-g6bdbf5b0 on Windows; cwd md5: 2105030890; save: fintech; SC_MAP_LOADED; game type DWARF_MAIN (0)
[2020-07-10T15:33:13+0300] DFHack 0.47.04-r1-0-g6bdbf5b0 on Windows; cwd md5: 2105030890; save: fintech; SC_MAP_UNLOADED; game type DWARF_MAIN (0)
[2020-07-10T15:33:13+0300] DFHack 0.47.04-r1-0-g6bdbf5b0 on Windows; cwd md5: 2105030890; save: fintech; SC_WORLD_UNLOADED; game type DWARF_MAIN (0)
[2020-07-10T22:49:42+0300] DFHack 0.47.04-r1-0-g6bdbf5b0 on Windows; cwd md5: 6ff79470f2; save: Dwarf; SC_WORLD_LOADED; game type DWARF_MAIN (0)
[2020-07-10T22:49:43+0300] DFHack 0.47.04-r1-0-g6bdbf5b0 on Windows; cwd md5: 6ff79470f2; save: Dwarf; SC_MAP_LOADED; game type DWARF_MAIN (0)
[2020-07-10T23:13:52+0300] DFHack 0.47.04-r1-0-g6bdbf5b0 on Windows; cwd md5: 6ff79470f2; save: Dwarf; SC_MAP_UNLOADED; game type DWARF_MAIN (0)
[2020-07-10T23:13:52+0300] DFHack 0.47.04-r1-0-g6bdbf5b0 on Windows; cwd md5: 6ff79470f2; save: Dwarf; SC_WORLD_UNLOADED; game type DWARF_MAIN (0)
